<?xml version="1.0" encoding="UTF-8"?>
<testsuite name="com.example.timeline.TimelineApplicationTests" tests="1" skipped="0" failures="0" errors="0" timestamp="2020-12-13T16:59:45" hostname="shrey-Inspiron-15-3567" time="0.383">
  <properties/>
  <testcase name="contextLoads()" classname="com.example.timeline.TimelineApplicationTests" time="0.383"/>
  <system-out><![CDATA[22:29:43.120 [Test worker] DEBUG org.springframework.test.context.BootstrapUtils - Instantiating CacheAwareContextLoaderDelegate from class [org.springframework.test.context.cache.DefaultCacheAwareContextLoaderDelegate]
22:29:43.130 [Test worker] DEBUG org.springframework.test.context.BootstrapUtils - Instantiating BootstrapContext using constructor [public org.springframework.test.context.support.DefaultBootstrapContext(java.lang.Class,org.springframework.test.context.CacheAwareContextLoaderDelegate)]
22:29:43.153 [Test worker] DEBUG org.springframework.test.context.BootstrapUtils - Instantiating TestContextBootstrapper for test class [com.example.timeline.TimelineApplicationTests] from class [org.springframework.boot.test.context.SpringBootTestContextBootstrapper]
22:29:43.166 [Test worker] INFO org.springframework.boot.test.context.SpringBootTestContextBootstrapper - Neither @ContextConfiguration nor @ContextHierarchy found for test class [com.example.timeline.TimelineApplicationTests], using SpringBootContextLoader
22:29:43.169 [Test worker] DEBUG org.springframework.test.context.support.AbstractContextLoader - Did not detect default resource location for test class [com.example.timeline.TimelineApplicationTests]: class path resource [com/example/timeline/TimelineApplicationTests-context.xml] does not exist
22:29:43.169 [Test worker] DEBUG org.springframework.test.context.support.AbstractContextLoader - Did not detect default resource location for test class [com.example.timeline.TimelineApplicationTests]: class path resource [com/example/timeline/TimelineApplicationTestsContext.groovy] does not exist
22:29:43.169 [Test worker] INFO org.springframework.test.context.support.AbstractContextLoader - Could not detect default resource locations for test class [com.example.timeline.TimelineApplicationTests]: no resource found for suffixes {-context.xml, Context.groovy}.
22:29:43.170 [Test worker] INFO org.springframework.test.context.support.AnnotationConfigContextLoaderUtils - Could not detect default configuration classes for test class [com.example.timeline.TimelineApplicationTests]: TimelineApplicationTests does not declare any static, non-private, non-final, nested classes annotated with @Configuration.
22:29:43.206 [Test worker] DEBUG org.springframework.test.context.support.ActiveProfilesUtils - Could not find an 'annotation declaring class' for annotation type [org.springframework.test.context.ActiveProfiles] and class [com.example.timeline.TimelineApplicationTests]
22:29:43.284 [Test worker] DEBUG org.springframework.context.annotation.ClassPathScanningCandidateComponentProvider - Identified candidate component class: file [/home/shrey/Timeline/timeline/build/classes/java/main/com/example/timeline/TimelineApplication.class]
22:29:43.285 [Test worker] INFO org.springframework.boot.test.context.SpringBootTestContextBootstrapper - Found @SpringBootConfiguration com.example.timeline.TimelineApplication for test class com.example.timeline.TimelineApplicationTests
22:29:43.369 [Test worker] DEBUG org.springframework.boot.test.context.SpringBootTestContextBootstrapper - @TestExecutionListeners is not present for class [com.example.timeline.TimelineApplicationTests]: using defaults.
22:29:43.369 [Test worker] INFO org.springframework.boot.test.context.SpringBootTestContextBootstrapper - Loaded default TestExecutionListener class names from location [META-INF/spring.factories]: [org.springframework.boot.test.autoconfigure.restdocs.RestDocsTestExecutionListener, org.springframework.boot.test.autoconfigure.web.client.MockRestServiceServerResetTestExecutionListener, org.springframework.boot.test.autoconfigure.web.servlet.MockMvcPrintOnlyOnFailureTestExecutionListener, org.springframework.boot.test.autoconfigure.web.servlet.WebDriverTestExecutionListener, org.springframework.boot.test.autoconfigure.webservices.client.MockWebServiceServerTestExecutionListener, org.springframework.boot.test.mock.mockito.MockitoTestExecutionListener, org.springframework.boot.test.mock.mockito.ResetMocksTestExecutionListener, org.springframework.test.context.web.ServletTestExecutionListener, org.springframework.test.context.support.DirtiesContextBeforeModesTestExecutionListener, org.springframework.test.context.support.DependencyInjectionTestExecutionListener, org.springframework.test.context.support.DirtiesContextTestExecutionListener, org.springframework.test.context.transaction.TransactionalTestExecutionListener, org.springframework.test.context.jdbc.SqlScriptsTestExecutionListener, org.springframework.test.context.event.EventPublishingTestExecutionListener]
22:29:43.378 [Test worker] DEBUG org.springframework.boot.test.context.SpringBootTestContextBootstrapper - Skipping candidate TestExecutionListener [org.springframework.test.context.transaction.TransactionalTestExecutionListener] due to a missing dependency. Specify custom listener classes or make the default listener classes and their required dependencies available. Offending class: [org/springframework/transaction/TransactionDefinition]
22:29:43.378 [Test worker] DEBUG org.springframework.boot.test.context.SpringBootTestContextBootstrapper - Skipping candidate TestExecutionListener [org.springframework.test.context.jdbc.SqlScriptsTestExecutionListener] due to a missing dependency. Specify custom listener classes or make the default listener classes and their required dependencies available. Offending class: [org/springframework/transaction/interceptor/TransactionAttribute]
22:29:43.379 [Test worker] INFO org.springframework.boot.test.context.SpringBootTestContextBootstrapper - Using TestExecutionListeners: [org.springframework.test.context.web.ServletTestExecutionListener@1e08173b, org.springframework.test.context.support.DirtiesContextBeforeModesTestExecutionListener@7af54088, org.springframework.boot.test.mock.mockito.MockitoTestExecutionListener@235c28ce, org.springframework.boot.test.autoconfigure.SpringBootDependencyInjectionTestExecutionListener@1eadf08e, org.springframework.test.context.support.DirtiesContextTestExecutionListener@40428daf, org.springframework.test.context.event.EventPublishingTestExecutionListener@10e3742f, org.springframework.boot.test.autoconfigure.restdocs.RestDocsTestExecutionListener@523b34a5, org.springframework.boot.test.autoconfigure.web.client.MockRestServiceServerResetTestExecutionListener@236387ec, org.springframework.boot.test.autoconfigure.web.servlet.MockMvcPrintOnlyOnFailureTestExecutionListener@771849da, org.springframework.boot.test.autoconfigure.web.servlet.WebDriverTestExecutionListener@7c51191a, org.springframework.boot.test.autoconfigure.webservices.client.MockWebServiceServerTestExecutionListener@77c48429, org.springframework.boot.test.mock.mockito.ResetMocksTestExecutionListener@482721da]
22:29:43.383 [Test worker] DEBUG org.springframework.test.context.support.AbstractDirtiesContextTestExecutionListener - Before test class: context [DefaultTestContext@568e297d testClass = TimelineApplicationTests, testInstance = [null], testMethod = [null], testException = [null], mergedContextConfiguration = [WebMergedContextConfiguration@37cb1db0 testClass = TimelineApplicationTests, locations = '{}', classes = '{class com.example.timeline.TimelineApplication}', contextInitializerClasses = '[]', activeProfiles = '{}', propertySourceLocations = '{}', propertySourceProperties = '{org.springframework.boot.test.context.SpringBootTestContextBootstrapper=true}', contextCustomizers = set[org.springframework.boot.test.autoconfigure.properties.PropertyMappingContextCustomizer@0, org.springframework.boot.test.autoconfigure.web.servlet.WebDriverContextCustomizerFactory$Customizer@4c012eaf, org.springframework.boot.test.context.filter.ExcludeFilterContextCustomizer@76addb8c, org.springframework.boot.test.json.DuplicateJsonObjectContextCustomizerFactory$DuplicateJsonObjectContextCustomizer@46fef098, org.springframework.boot.test.mock.mockito.MockitoContextCustomizer@0, org.springframework.boot.test.web.client.TestRestTemplateContextCustomizer@6c065e4e, org.springframework.boot.test.context.SpringBootTestArgs@1], resourceBasePath = 'src/main/webapp', contextLoader = 'org.springframework.boot.test.context.SpringBootContextLoader', parent = [null]], attributes = map['org.springframework.test.context.web.ServletTestExecutionListener.activateListener' -> true]], class annotated with @DirtiesContext [false] with mode [null].
22:29:43.404 [Test worker] DEBUG org.springframework.test.context.support.TestPropertySourceUtils - Adding inlined properties to environment: {spring.jmx.enabled=false, org.springframework.boot.test.context.SpringBootTestContextBootstrapper=true}

  .   ____          _            __ _ _
 /\\ / ___'_ __ _ _(_)_ __  __ _ \ \ \ \
( ( )\___ | '_ | '_| | '_ \/ _` | \ \ \ \
 \\/  ___)| |_)| | | | | || (_| |  ) ) ) )
  '  |____| .__|_| |_|_| |_\__, | / / / /
 =========|_|==============|___/=/_/_/_/
 :: Spring Boot ::        (v2.3.2.RELEASE)

2020-12-13 22:29:43.859  INFO 43224 --- [    Test worker] c.e.timeline.TimelineApplicationTests    : Starting TimelineApplicationTests on shrey-Inspiron-15-3567 with PID 43224 (started by shrey in /home/shrey/Timeline/timeline)
2020-12-13 22:29:43.862  INFO 43224 --- [    Test worker] c.e.timeline.TimelineApplicationTests    : No active profile set, falling back to default profiles: default
2020-12-13 22:29:44.891  INFO 43224 --- [    Test worker] o.s.s.concurrent.ThreadPoolTaskExecutor  : Initializing ExecutorService 'applicationTaskExecutor'
2020-12-13 22:29:45.136  INFO 43224 --- [    Test worker] o.s.b.a.w.s.WelcomePageHandlerMapping    : Adding welcome page: class path resource [static/index.html]
2020-12-13 22:29:45.366  INFO 43224 --- [    Test worker] c.e.timeline.TimelineApplicationTests    : Started TimelineApplicationTests in 1.953 seconds (JVM running for 3.383)
]]></system-out>
  <system-err><![CDATA[]]></system-err>
</testsuite>
